2026-06-11 05:56:56,782 [INFO] Loading data from disk...
2026-06-11 05:56:56,783 [INFO] Replaying WAL...
2026-06-11 05:56:56,783 [INFO] Building index for userdb._id
2026-06-11 05:56:56,783 [INFO] Building index for userdb.username
2026-06-11 05:56:56,784 [INFO] Database server started on port 9001
2026-06-11 05:56:59,848 [INFO] Building index for postdb._id
2026-06-11 05:56:59,946 [INFO] Shutting down database server...
2026-06-11 05:56:59,946 [INFO] Syncing all collections to disk...
2026-06-11 06:11:30,104 [INFO] Loading data from disk...
2026-06-11 06:11:30,105 [INFO] Database server started on port 9001
2026-06-11 06:11:35,547 [INFO] Building index for userdb._id
2026-06-11 06:11:35,652 [INFO] Shutting down database server...
2026-06-11 06:11:35,652 [INFO] Syncing all collections to disk...
2026-06-11 06:59:27,362 [INFO] Loading data from disk...
2026-06-11 06:59:27,364 [INFO] Database server started on port 9001
2026-06-11 06:59:32,773 [INFO] Building index for messagesdb._id
2026-06-11 07:00:09,163 [INFO] Shutting down database server...
2026-06-11 07:00:09,164 [INFO] Syncing all collections to disk...
2026-06-11 07:00:09,492 [INFO] Loading data from disk...
2026-06-11 07:00:09,492 [INFO] Replaying WAL...
2026-06-11 07:00:09,492 [INFO] Building index for messagesdb._id
2026-06-11 07:00:09,493 [INFO] Database server started on port 9001
2026-06-11 07:00:11,488 [ERROR] Error processing request: '<' not supported between instances of 'datetime.datetime' and 'str'
Traceback (most recent call last):
  File "/app/database_server.py", line 176, in handle_client
    response = self.process_request(request)
               ^^^^^^^^^^^^^^^^^^^^^^^^^^^^^
  File "/app/database_server.py", line 224, in process_request
    res = self._aggregate(col_name, self._json_deserial(req.get('pipeline')))
          ^^^^^^^^^^^^^^^^^^^^^^^^^^^^^^^^^^^^^^^^^^^^^^^^^^^^^^^^^^^^^^^^^^^
  File "/app/database_server.py", line 472, in _aggregate
    result.sort(key=lambda x: (v if not isinstance(v := self._get_nested(x, key), (dict, list)) and v is not None else ""), reverse=(order == -1))
TypeError: '<' not supported between instances of 'datetime.datetime' and 'str'
2026-06-11 07:00:26,563 [INFO] Shutting down database server...
2026-06-11 07:00:26,563 [INFO] Syncing all collections to disk...
2026-06-11 07:00:26,887 [INFO] Loading data from disk...
2026-06-11 07:00:26,887 [INFO] Replaying WAL...
2026-06-11 07:00:26,887 [INFO] Building index for messagesdb._id
2026-06-11 07:00:26,888 [INFO] Database server started on port 9001
2026-06-11 07:01:10,017 [INFO] Shutting down database server...
2026-06-11 07:01:10,017 [INFO] Syncing all collections to disk...
2026-06-11 07:01:10,344 [INFO] Loading data from disk...
2026-06-11 07:01:10,345 [INFO] Replaying WAL...
2026-06-11 07:01:10,345 [INFO] Building index for messagesdb._id
2026-06-11 07:01:10,346 [INFO] Database server started on port 9001
2026-06-11 07:01:12,323 [INFO] Building index for test_112026ac37064c459a5fe37fffa88b0e._id
2026-06-11 07:01:12,327 [ERROR] Error processing request: Duplicate _id: shared_id
Traceback (most recent call last):
  File "/app/database_server.py", line 193, in handle_client
    response = self.process_request(request)
               ^^^^^^^^^^^^^^^^^^^^^^^^^^^^^
  File "/app/database_server.py", line 231, in process_request
    res = self._insert_one(col_name, self._json_deserial(req.get('doc')))
          ^^^^^^^^^^^^^^^^^^^^^^^^^^^^^^^^^^^^^^^^^^^^^^^^^^^^^^^^^^^^^^^
  File "/app/database_server.py", line 370, in _insert_one
    raise ValueError(f"Duplicate _id: {doc['_id']}")
ValueError: Duplicate _id: shared_id
2026-06-11 07:02:10,346 [INFO] Syncing all collections to disk...
2026-06-11 07:03:10,348 [INFO] Syncing all collections to disk...
2026-06-11 07:03:43,499 [INFO] Building index for userdb._id
2026-06-11 07:03:57,673 [INFO] Shutting down database server...
2026-06-11 07:03:57,673 [INFO] Syncing all collections to disk...
2026-06-11 07:03:58,012 [INFO] Loading data from disk...
2026-06-11 07:03:58,013 [INFO] Replaying WAL...
2026-06-11 07:03:58,013 [INFO] Building index for userdb._id
2026-06-11 07:03:58,013 [INFO] Building index for userdb.username
2026-06-11 07:03:58,013 [INFO] Building index for messagesdb._id
2026-06-11 07:03:58,013 [INFO] Building index for test_112026ac37064c459a5fe37fffa88b0e._id
2026-06-11 07:03:58,014 [INFO] Database server started on port 9001
2026-06-11 07:04:58,014 [INFO] Syncing all collections to disk...
2026-06-11 07:05:58,016 [INFO] Syncing all collections to disk...
2026-06-11 07:06:48,840 [INFO] Building index for postdb._id
2026-06-11 07:06:48,901 [INFO] Building index for notificationsdb._id
2026-06-11 07:06:49,948 [INFO] Building index for ratelimits._id
2026-06-11 07:06:49,954 [INFO] Building index for groupsdb._id
2026-06-11 07:06:58,018 [INFO] Syncing all collections to disk...
2026-06-11 07:07:58,022 [INFO] Syncing all collections to disk...
2026-06-11 07:08:58,026 [INFO] Syncing all collections to disk...
2026-06-11 07:09:58,031 [INFO] Syncing all collections to disk...
2026-06-11 07:10:58,035 [INFO] Syncing all collections to disk...
2026-06-11 07:11:58,038 [INFO] Syncing all collections to disk...
2026-06-11 07:12:58,042 [INFO] Syncing all collections to disk...
2026-06-11 07:13:58,046 [INFO] Syncing all collections to disk...
2026-06-11 07:14:58,049 [INFO] Syncing all collections to disk...
2026-06-11 07:15:58,053 [INFO] Syncing all collections to disk...
2026-06-11 07:16:58,056 [INFO] Syncing all collections to disk...
2026-06-11 07:17:58,059 [INFO] Syncing all collections to disk...
2026-06-11 07:18:58,061 [INFO] Syncing all collections to disk...
2026-06-11 07:19:58,065 [INFO] Syncing all collections to disk...
2026-06-11 07:20:58,070 [INFO] Syncing all collections to disk...
2026-06-11 07:21:58,074 [INFO] Syncing all collections to disk...
2026-06-11 07:22:58,078 [INFO] Syncing all collections to disk...
2026-06-11 07:23:58,081 [INFO] Syncing all collections to disk...
2026-06-11 07:24:58,085 [INFO] Syncing all collections to disk...
2026-06-11 07:25:58,089 [INFO] Syncing all collections to disk...
2026-06-11 07:37:15,676 [INFO] Syncing all collections to disk...
2026-06-11 07:38:15,726 [INFO] Syncing all collections to disk...
2026-06-11 07:39:15,740 [INFO] Syncing all collections to disk...
2026-06-11 07:40:15,747 [INFO] Syncing all collections to disk...
2026-06-11 07:41:15,753 [INFO] Syncing all collections to disk...
2026-06-11 07:42:15,757 [INFO] Syncing all collections to disk...
2026-06-11 07:43:15,763 [INFO] Syncing all collections to disk...
2026-06-11 07:44:15,770 [INFO] Syncing all collections to disk...
2026-06-11 07:45:15,803 [INFO] Syncing all collections to disk...
2026-06-11 07:46:15,807 [INFO] Syncing all collections to disk...
2026-06-11 07:47:15,810 [INFO] Syncing all collections to disk...
2026-06-11 07:48:15,813 [INFO] Syncing all collections to disk...
2026-06-11 07:49:15,816 [INFO] Syncing all collections to disk...
2026-06-11 07:50:15,818 [INFO] Syncing all collections to disk...
2026-06-11 07:51:15,821 [INFO] Syncing all collections to disk...
2026-06-11 07:52:15,825 [INFO] Syncing all collections to disk...
2026-06-11 07:53:15,828 [INFO] Syncing all collections to disk...
2026-06-11 07:54:15,830 [INFO] Syncing all collections to disk...
2026-06-11 07:55:15,833 [INFO] Syncing all collections to disk...
2026-06-11 07:56:15,836 [INFO] Syncing all collections to disk...
2026-06-11 07:57:15,839 [INFO] Syncing all collections to disk...
2026-06-11 07:58:15,843 [INFO] Syncing all collections to disk...
2026-06-11 07:59:15,846 [INFO] Syncing all collections to disk...
2026-06-11 08:00:15,849 [INFO] Syncing all collections to disk...
2026-06-11 08:01:15,852 [INFO] Syncing all collections to disk...
2026-06-11 08:02:15,857 [INFO] Syncing all collections to disk...
2026-06-11 08:03:15,862 [INFO] Syncing all collections to disk...
2026-06-11 08:04:15,865 [INFO] Syncing all collections to disk...
2026-06-11 08:05:15,868 [INFO] Syncing all collections to disk...
2026-06-11 08:06:15,871 [INFO] Syncing all collections to disk...
2026-06-11 08:07:15,873 [INFO] Syncing all collections to disk...
2026-06-11 08:08:15,876 [INFO] Syncing all collections to disk...
2026-06-11 08:09:15,885 [INFO] Syncing all collections to disk...
2026-06-11 08:10:15,889 [INFO] Syncing all collections to disk...
2026-06-11 08:11:15,892 [INFO] Syncing all collections to disk...
2026-06-11 08:12:15,896 [INFO] Syncing all collections to disk...
2026-06-11 08:13:15,899 [INFO] Syncing all collections to disk...
2026-06-11 08:14:15,904 [INFO] Syncing all collections to disk...
2026-06-11 08:15:15,918 [INFO] Syncing all collections to disk...
2026-06-11 08:16:15,922 [INFO] Syncing all collections to disk...
2026-06-11 08:17:15,925 [INFO] Syncing all collections to disk...
2026-06-11 08:18:16,058 [INFO] Syncing all collections to disk...
2026-06-11 08:19:16,061 [INFO] Syncing all collections to disk...
2026-06-11 08:20:16,063 [INFO] Syncing all collections to disk...
2026-06-11 08:21:16,066 [INFO] Syncing all collections to disk...
2026-06-11 08:22:16,069 [INFO] Syncing all collections to disk...
2026-06-11 08:23:16,071 [INFO] Syncing all collections to disk...
2026-06-11 08:24:16,074 [INFO] Syncing all collections to disk...
2026-06-11 08:25:16,076 [INFO] Syncing all collections to disk...
2026-06-11 08:26:16,080 [INFO] Syncing all collections to disk...
2026-06-11 08:27:16,082 [INFO] Syncing all collections to disk...
2026-06-11 08:28:16,086 [INFO] Syncing all collections to disk...
2026-06-11 08:29:16,089 [INFO] Syncing all collections to disk...
2026-06-11 08:30:16,092 [INFO] Syncing all collections to disk...
2026-06-11 08:31:16,095 [INFO] Syncing all collections to disk...
2026-06-11 08:32:16,098 [INFO] Syncing all collections to disk...
2026-06-11 08:33:16,101 [INFO] Syncing all collections to disk...
2026-06-11 08:34:16,104 [INFO] Syncing all collections to disk...
2026-06-11 08:35:16,107 [INFO] Syncing all collections to disk...
2026-06-11 08:36:16,109 [INFO] Syncing all collections to disk...
2026-06-11 08:37:16,112 [INFO] Syncing all collections to disk...
2026-06-11 08:38:16,115 [INFO] Syncing all collections to disk...
2026-06-11 08:39:16,118 [INFO] Syncing all collections to disk...
